OEMName [mkdosfs] BytPerSec [512] SecPerClus[4]
TotSec16 [32768] TotSec32 [0]
NumFats [2] FatSz16 [32]
Media [f8] RsvdSecCnt [1] RootEntCnt [512]
**Fat16**
BootSig[29] VolID[40f6b093] VolLab[           ] FilSysType [FAT16   ]
INFO:fatfs16: firstRootDirSecNum [65] secs[32]
Info:fatfs: File[ABC1    TXT][abc1.txt] attr[20] firstClus[2] fileSize[9]
Info:fatfs: File[ZERO1   LOG][zero1.log] attr[20] firstClus[3] fileSize[4194304]
Info:fatfs: File[SPREAD  FIL][spread.fil] attr[20] firstClus[2051] fileSize[8192]
Info:fatfs: File[RAND1   RAN][rand1.ran] attr[20] firstClus[2053] fileSize[16384]
Info:fatfs: File[ABC5    TXT][aBc5.txt] attr[20] firstClus[2062] fileSize[4]
Info:fatfs: File[ZERO2   LOG][zero2.log] attr[20] firstClus[2063] fileSize[2097152]
Info:fatfs: File[LONGFI~1TXT][longfilename.txt] attr[20] firstClus[3087] fileSize[11]
Info:fatfs: File[ZERO3   LOG][zero3.log] attr[20] firstClus[3089] fileSize[2097152]
Info:fatfs: File[REALLY~1LOG][reallylongfilenamereallyrealylongfilenamereallyreallyreallylongfilename.log] attr[20] firstClus[4113] fileSize[11]
Info:fatfs: File[ZERO4   LOG][zero4.log] attr[20] firstClus[4114] fileSize[8302592]
**********************************
Info:fatfs: File[ABC1    TXT][abc1.txt] attr[20] firstClus[2] fileSize[9]
Info:fatfs: File[ZERO1   LOG][zero1.log] attr[20] firstClus[3] fileSize[4194304]
Info:fatfs: File[SPREAD  FIL][spread.fil] attr[20] firstClus[2051] fileSize[8192]
fatfs16:opticluslist: File[SPREAD  FIL] nextClus[2052]
fatfs16:opticluslist: File[SPREAD  FIL] nextClus[2061]
fatfs16:opticluslist: File[SPREAD  FIL] nextClus[3088]
[SPREAD  FIL] Optimised ClusList baseClus[2051] adjClusCnt[1] prevClus[3088]
[SPREAD  FIL] Optimised ClusList baseClus[2061] adjClusCnt[0] prevClus[3088]
info:testfat: file as more clusters
[SPREAD  FIL] Optimised ClusList baseClus[3088] adjClusCnt[0] prevClus[3088]
