Usage: ./testfat <y|n = partition> <filetocheck>
part[0]: active[0x0] type [0x0] fLSec [0] nLSec[0]
part[0]: seHead[0:0] seCyl[0:0] seSec[0:0]
part[1]: active[0x0] type [0x0] fLSec [0] nLSec[0]
part[1]: seHead[0:0] seCyl[0:0] seSec[0:0]
part[2]: active[0x0] type [0x0] fLSec [0] nLSec[0]
part[2]: seHead[0:0] seCyl[0:0] seSec[0:0]
part[3]: active[0x0] type [0x0] fLSec [0] nLSec[0]
part[3]: seHead[0:0] seCyl[0:0] seSec[0:0]
OEMName [mkdosfs] BytPerSec [512] SecPerClus[4]
TotSec16 [32768] TotSec32 [0]
NumFats [2] FatSz16 [32]
Media [0xf8] RsvdSecCnt [1] RootEntCnt [512]
**Fat16**
BootSig[0x29] VolID[0x40f77b39] VolLab[           ] FilSysType [FAT16   ]
INFO:fatfs16: firstRootDirSecNum [65] secs[32]
INFO:fatfs: File[ABC1    TXT][abc1.txt] attr[0x20] firstClus[2] fileSize[9]
testfat: File[ABC1    TXT][abc1.txt] attr[0x20] firstClus[2] fileSize[9]
INFO:fatfs: File[ZERO1   LOG][zero1.log] attr[0x20] firstClus[3] fileSize[4194304]
testfat: File[ZERO1   LOG][zero1.log] attr[0x20] firstClus[3] fileSize[4194304]
INFO:fatfs: File[SPREAD  FIL][spread.fil] attr[0x20] firstClus[2051] fileSize[8192]
testfat: File[SPREAD  FIL][spread.fil] attr[0x20] firstClus[2051] fileSize[8192]
INFO:fatfs: File[RAND1   RAN][rand1.ran] attr[0x20] firstClus[2053] fileSize[16384]
testfat: File[RAND1   RAN][rand1.ran] attr[0x20] firstClus[2053] fileSize[16384]
INFO:fatfs: File[ABC5    TXT][aBc5.txt] attr[0x20] firstClus[2062] fileSize[4]
testfat: File[ABC5    TXT][aBc5.txt] attr[0x20] firstClus[2062] fileSize[4]
INFO:fatfs: File[ZERO2   LOG][zero2.log] attr[0x20] firstClus[2063] fileSize[2097152]
testfat: File[ZERO2   LOG][zero2.log] attr[0x20] firstClus[2063] fileSize[2097152]
INFO:fatfs: File[LONGFI~1TXT][longfilename.txt] attr[0x20] firstClus[3087] fileSize[11]
testfat: File[LONGFI~1TXT][longfilename.txt] attr[0x20] firstClus[3087] fileSize[11]
INFO:fatfs: File[ZERO3   LOG][zero3.log] attr[0x20] firstClus[3089] fileSize[2097152]
testfat: File[ZERO3   LOG][zero3.log] attr[0x20] firstClus[3089] fileSize[2097152]
INFO:fatfs: File[REALLY~1LOG][reallylongfilenamereallyrealylongfilenamereallyreallyreallylongfilename.log] attr[0x20] firstClus[4113] fileSize[11]
testfat: File[REALLY~1LOG][reallylongfilenamereallyrealylongfilenamereallyreallyreallylongfilename.log] attr[0x20] firstClus[4113] fileSize[11]
INFO:fatfs: File[ZERO4   LOG][zero4.log] attr[0x20] firstClus[4114] fileSize[8302592]
testfat: File[ZERO4   LOG][zero4.log] attr[0x20] firstClus[4114] fileSize[8302592]
**********************************
INFO:fatfs: File[ABC1    TXT][abc1.txt] attr[0x20] firstClus[2] fileSize[9]
INFO:fatfs: File[ZERO1   LOG][zero1.log] attr[0x20] firstClus[3] fileSize[4194304]
INFO:fatfs: File[SPREAD  FIL][spread.fil] attr[0x20] firstClus[2051] fileSize[8192]
fatfs16:opticluslist: File[SPREAD  FIL] nextClus[2052]
fatfs16:opticluslist: File[SPREAD  FIL] nextClus[2061]
fatfs16:opticluslist: File[SPREAD  FIL] nextClus[3088]
[SPREAD  FIL] Optimised ClusList baseClus[2051] adjClusCnt[1] prevClus[3088]
[SPREAD  FIL] Optimised ClusList baseClus[2061] adjClusCnt[0] prevClus[3088]
info:testfat: file as more clusters
[SPREAD  FIL] Optimised ClusList baseClus[3088] adjClusCnt[0] prevClus[3088]
